#
# There is insufficient memory for the Java Runtime Environment to continue.
# Native memory allocation (malloc) failed to allocate 2078816 bytes for Chunk::new
# Possible reasons:
#   The system is out of physical RAM or swap space
#   The process is running with CompressedOops enabled, and the Java Heap may be blocking the growth of the native heap
# Possible solutions:
#   Reduce memory load on the system
#   Increase physical memory or swap space
#   Check if swap backing store is full
#   Decrease Java heap size (-Xmx/-Xms)
#   Decrease number of Java threads
#   Decrease Java thread stack sizes (-Xss)
#   Set larger code cache with -XX:ReservedCodeCacheSize=
#   JVM is running with Unscaled Compressed Oops mode in which the Java heap is
#     placed in the first 4GB address space. The Java Heap base address is the
#     maximum limit for the native heap growth. Please use -XX:HeapBaseMinAddress
#     to set the Java Heap base and to place the Java Heap above 4GB virtual address.
# This output file may be truncated or incomplete.
#
#  Out of Memory Error (allocation.cpp:389), pid=7820, tid=0x0000000000002680
#
# JRE version: OpenJDK Runtime Environment (8.0_242-b01) (build 1.8.0_242-release-1644-b01)
# Java VM: OpenJDK 64-Bit Server VM (25.242-b01 mixed mode windows-amd64 compressed oops)
# Failed to write core dump. Minidumps are not enabled by default on client versions of Windows
#

---------------  T H R E A D  ---------------

Current thread (0x0000000017613800):  JavaThread "C2 CompilerThread0" daemon [_thread_in_native, id=9856, stack(0x0000000018c40000,0x0000000018d40000)]

Stack: [0x0000000018c40000,0x0000000018d40000]
[error occurred during error reporting (printing stack bounds), id 0xc0000005]

Native frames: (J=compiled Java code, j=interpreted, Vv=VM code, C=native code)


Current CompileTask:
C2:8515663 19743       4       com.android.tools.r8.ir.regalloc.a::a (3992 bytes)


---------------  P R O C E S S  ---------------

Java Threads: ( => current thread )
  0x000000001dd21800 JavaThread "WorkerExecutor Queue Thread 7" [_thread_blocked, id=8568, stack(0x0000000023d80000,0x0000000023e80000)]
  0x000000001dd20800 JavaThread "Cache worker for Java compile cache (C:\Users\user\AndroidStudioProjects\RumahMakanLombokTimur\.gradle\6.5\javaCompile)" [_thread_blocked, id=9668, stack(0x0000000023480000,0x0000000023580000)]
  0x000000001dd1d800 JavaThread "Cache worker for Java compile cache (C:\Users\user\.gradle\caches\6.5\javaCompile)" [_thread_blocked, id=7652, stack(0x0000000023280000,0x0000000023380000)]
  0x000000001f242000 JavaThread "MarlinRenderer Disposer" daemon [_thread_blocked, id=6928, stack(0x0000000023a80000,0x0000000023b80000)]
  0x000000001f23d800 JavaThread "Java2D Disposer" daemon [_thread_blocked, id=7164, stack(0x0000000023780000,0x0000000023880000)]
  0x000000001f23a000 JavaThread "WorkerExecutor Queue Thread 4" [_thread_blocked, id=5764, stack(0x0000000023380000,0x0000000023480000)]
  0x000000001f239000 JavaThread "WorkerExecutor Queue Thread 2" [_thread_blocked, id=6192, stack(0x0000000023180000,0x0000000023280000)]
  0x000000001f23c000 JavaThread "WorkerExecutor Queue" [_thread_blocked, id=7264, stack(0x0000000022e80000,0x0000000022f80000)]
  0x000000001f23b800 JavaThread "Cache worker for execution history cache (C:\Users\user\AndroidStudioProjects\RumahMakanLombokTimur\.gradle\6.5\executionHistory)" [_thread_blocked, id=7704, stack(0x0000000022980000,0x0000000022a80000)]
  0x000000001f238800 JavaThread "Execution worker for ':' Thread 3" [_thread_blocked, id=3348, stack(0x0000000022880000,0x0000000022980000)]
  0x000000001f23a800 JavaThread "Execution worker for ':' Thread 2" [_thread_blocked, id=5348, stack(0x0000000022780000,0x0000000022880000)]
  0x000000001f237800 JavaThread "Execution worker for ':'" [_thread_blocked, id=8048, stack(0x00000000208b0000,0x00000000209b0000)]
  0x000000001f241800 JavaThread "Cache worker for file content cache (C:\Users\user\AndroidStudioProjects\RumahMakanLombokTimur\.gradle\6.5\fileContent)" [_thread_blocked, id=9192, stack(0x00000000299b0000,0x0000000029ab0000)]
  0x000000001f23e800 JavaThread "Cache worker for Build Output Cleanup Cache (C:\Users\user\AndroidStudioProjects\RumahMakanLombokTimur\.gradle\buildOutputCleanup)" [_thread_blocked, id=5984, stack(0x00000000298b0000,0x00000000299b0000)]
  0x000000001d910000 JavaThread "Build operations Thread 4" [_thread_in_Java, id=8060, stack(0x00000000212b0000,0x00000000213b0000)]
  0x000000001d911000 JavaThread "Build operations Thread 3" [_thread_in_native, id=6496, stack(0x00000000211b0000,0x00000000212b0000)]
  0x000000001d912800 JavaThread "Build operations Thread 2" [_thread_in_native, id=4428, stack(0x00000000210b0000,0x00000000211b0000)]
  0x000000001d90b000 JavaThread "Build operations" [_thread_in_Java, id=5196, stack(0x000000001be40000,0x000000001bf40000)]
  0x000000001d90b800 JavaThread "Cache worker for cache directory md-rule (C:\Users\user\.gradle\caches\6.5\md-rule)" [_thread_blocked, id=744, stack(0x00000000200b0000,0x00000000201b0000)]
  0x000000001d90e800 JavaThread "Cache worker for cache directory md-supplier (C:\Users\user\.gradle\caches\6.5\md-supplier)" [_thread_blocked, id=1400, stack(0x000000001fbb0000,0x000000001fcb0000)]
  0x000000001d90e000 JavaThread "Cache worker for checksums cache (C:\Users\user\AndroidStudioProjects\RumahMakanLombokTimur\.gradle\checksums)" [_thread_blocked, id=2004, stack(0x000000001f5b0000,0x000000001f6b0000)]
  0x000000001d90d000 JavaThread "Cache worker for file hash cache (C:\Users\user\AndroidStudioProjects\RumahMakanLombokTimur\.gradle\6.5\fileHashes)" [_thread_blocked, id=8292, stack(0x000000001c040000,0x000000001c140000)]
  0x000000001d90c800 JavaThread "Thread-241" [_thread_blocked, id=8304, stack(0x000000001bf40000,0x000000001c040000)]
  0x000000001d907000 JavaThread "Asynchronous log dispatcher for DefaultDaemonConnection: socket connection from /127.0.0.1:63058 to /127.0.0.1:64007" [_thread_blocked, id=9008, stack(0x000000001bd40000,0x000000001be40000)]
  0x000000001d90a000 JavaThread "Daemon worker Thread 3" [_thread_blocked, id=7436, stack(0x000000001bc40000,0x000000001bd40000)]
  0x000000001d909800 JavaThread "Cancel handler" [_thread_blocked, id=9172, stack(0x000000001bb40000,0x000000001bc40000)]
  0x000000001d908000 JavaThread "Handler for socket connection from /127.0.0.1:63058 to /127.0.0.1:64007" [_thread_in_native, id=6852, stack(0x000000001ba40000,0x000000001bb40000)]
  0x000000001d908800 JavaThread "Daemon Thread 3" [_thread_blocked, id=6672, stack(0x000000001b450000,0x000000001b550000)]
  0x000000001990f800 JavaThread "Memory manager" [_thread_blocked, id=5344, stack(0x000000001b350000,0x000000001b450000)]
  0x000000001dd1a000 JavaThread "Cache worker for file content cache (C:\Users\user\.gradle\caches\6.5\fileContent)" [_thread_blocked, id=7904, stack(0x00000000209b0000,0x0000000020ab0000)]
  0x0000000017637800 JavaThread "Cache worker for execution history cache (C:\Users\user\.gradle\caches\6.5\executionHistory)" [_thread_blocked, id=7268, stack(0x00000000201b0000,0x00000000202b0000)]
  0x0000000017635800 JavaThread "Cache worker for file hash cache (C:\Users\user\.gradle\caches\6.5\fileHashes)" [_thread_blocked, id=7688, stack(0x000000001f6b0000,0x000000001f7b0000)]
  0x0000000017632800 JavaThread "File lock request listener" [_thread_in_native, id=5016, stack(0x000000001f4b0000,0x000000001f5b0000)]
  0x000000001dd9b800 JavaThread "Cache worker for journal cache (C:\Users\user\.gradle\caches\journal-1)" [_thread_blocked, id=7196, stack(0x000000001f2b0000,0x000000001f3b0000)]
  0x000000001a024800 JavaThread "Daemon periodic checks" [_thread_blocked, id=7736, stack(0x000000001b740000,0x000000001b840000)]
  0x000000001929c000 JavaThread "Incoming local TCP Connector on port 63058" [_thread_in_native, id=8248, stack(0x000000001b550000,0x000000001b650000)]
  0x000000001a938800 JavaThread "Daemon health stats" [_thread_blocked, id=5596, stack(0x000000001af70000,0x000000001b070000)]
  0x0000000017659000 JavaThread "Service Thread" daemon [_thread_blocked, id=7756, stack(0x0000000018f40000,0x0000000019040000)]
  0x0000000017631800 JavaThread "C1 CompilerThread2" daemon [_thread_blocked, id=2736, stack(0x0000000018e40000,0x0000000018f40000)]
  0x0000000017633000 JavaThread "C2 CompilerThread1" daemon [_thread_in_native, id=1284, stack(0x0000000018d40000,0x0000000018e40000)]
=>0x0000000017613800 JavaThread "C2 CompilerThread0" daemon [_thread_in_native, id=9856, stack(0x0000000018c40000,0x0000000018d40000)]
  0x0000000017616000 JavaThread "Attach Listener" daemon [_thread_blocked, id=4376, stack(0x0000000018b40000,0x0000000018c40000)]
  0x0000000017615000 JavaThread "Signal Dispatcher" daemon [_thread_blocked, id=9760, stack(0x0000000018a40000,0x0000000018b40000)]
  0x00000000029eb000 JavaThread "Finalizer" daemon [_thread_blocked, id=8452, stack(0x0000000018860000,0x0000000018960000)]
  0x00000000175f9000 JavaThread "Reference Handler" daemon [_thread_blocked, id=3284, stack(0x0000000018760000,0x0000000018860000)]
  0x00000000028ed800 JavaThread "main" [_thread_blocked, id=1604, stack(0x00000000027e0000,0x00000000028e0000)]

Other Threads:
  0x00000000175d6800 VMThread [stack: 0x0000000018660000,0x0000000018760000] [id=9288]
  0x0000000017662000 WatcherThread [stack: 0x0000000019040000,0x0000000019140000] [id=3668]

VM state:not at safepoint (normal execution)

VM Mutex/Monitor currently owned by a thread: None

heap address: 0x0000000080000000, size: 2048 MB, Compressed Oops mode: 32-bit
Narrow klass base: 0x0000000000000000, Narrow klass shift: 3
Compressed class space size: 1073741824 Address: 0x0000000100000000

Heap:
 PSYoungGen      total 200192K, used 64185K [0x00000000d5580000, 0x00000000e2e00000, 0x0000000100000000)
  eden space 179712K, 25% used [0x00000000d5580000,0x00000000d817bc60,0x00000000e0500000)
  from space 20480K, 93% used [0x00000000e1900000,0x00000000e2bb2b78,0x00000000e2d00000)
  to   space 20480K, 0% used [0x00000000e0500000,0x00000000e0500000,0x00000000e1900000)
 ParOldGen       total 120320K, used 100295K [0x0000000080000000, 0x0000000087580000, 0x00000000d5580000)
  object space 120320K, 83% used [0x0000000080000000,0x00000000861f1cb0,0x0000000087580000)
 Metaspace       used 97110K, capacity 102032K, committed 103128K, reserved 1138688K
  class space    used 12584K, capacity 13485K, committed 13824K, reserved 1048576K

Card table byte_map: [0x0000000011db0000,0x00000000121c0000] byte_map_base: 0x00000000119b0000

Marking Bits: (ParMarkBitMap*) 0x0000000062acf030
 Begin Bits: [0x0000000012870000, 0x0000000014870000)
 End Bits:   [0x0000000014870000, 0x0000000016870000)

Polling page: 0x0000000000fe0000

CodeCache: size=245760Kb used=52399Kb max_used=53174Kb free=193360Kb
 bounds [0x00000000029f0000, 0x0000000005e30000, 0x00000000119f0000]
 total_blobs=16260 nmethods=15278 adapters=892
 compilation: enabled

Compilation events (10 events):
Event: 8512.927 Thread 0x0000000017631800 19965       2       com.android.tools.r8.w.p$b$$Lambda$848/388064963::apply (12 bytes)
Event: 8512.929 Thread 0x0000000017631800 nmethod 19965 0x00000000057705d0 code [0x00000000057707c0, 0x0000000005770eb8]
Event: 8512.929 Thread 0x0000000017631800 19966       2       com.android.tools.r8.t.a.a.a.h.K::containsKey (15 bytes)
Event: 8512.930 Thread 0x0000000017631800 nmethod 19966 0x0000000004f01450 code [0x0000000004f015c0, 0x0000000004f01748]
Event: 8512.930 Thread 0x0000000017631800 19967       2       com.android.tools.r8.t.a.a.a.h.K::a (147 bytes)
Event: 8512.931 Thread 0x0000000017631800 nmethod 19967 0x000000000507c3d0 code [0x000000000507c560, 0x000000000507cae8]
Event: 8512.982 Thread 0x0000000017631800 19968 %     3       com.android.tools.r8.s.b.o::d @ 15 (52 bytes)
Event: 8512.983 Thread 0x0000000017631800 nmethod 19968% 0x0000000005831b50 code [0x0000000005831d00, 0x0000000005832278]
Event: 8512.983 Thread 0x0000000017631800 19969       3       com.android.tools.r8.s.b.o::d (52 bytes)
Event: 8512.984 Thread 0x0000000017631800 nmethod 19969 0x0000000003676410 code [0x00000000036765c0, 0x0000000003676ab8]

GC Heap History (10 events):
Event: 8503.064 GC heap before
{Heap before GC invocations=67 (full 6):
 PSYoungGen      total 172544K, used 154313K [0x00000000d5580000, 0x00000000e1600000, 0x0000000100000000)
  eden space 151040K, 100% used [0x00000000d5580000,0x00000000de900000,0x00000000de900000)
  from space 21504K, 15% used [0x00000000e0100000,0x00000000e0432480,0x00000000e1600000)
  to   space 23040K, 0% used [0x00000000de900000,0x00000000de900000,0x00000000dff80000)
 ParOldGen       total 120320K, used 95684K [0x0000000080000000, 0x0000000087580000, 0x00000000d5580000)
  object space 120320K, 79% used [0x0000000080000000,0x0000000085d71040,0x0000000087580000)
 Metaspace       used 96761K, capacity 101670K, committed 102872K, reserved 1138688K
  class space    used 12574K, capacity 13444K, committed 13824K, reserved 1048576K
Event: 8503.088 GC heap after
Heap after GC invocations=67 (full 6):
 PSYoungGen      total 174080K, used 2527K [0x00000000d5580000, 0x00000000e2380000, 0x0000000100000000)
  eden space 151040K, 0% used [0x00000000d5580000,0x00000000d5580000,0x00000000de900000)
  from space 23040K, 10% used [0x00000000de900000,0x00000000deb77f20,0x00000000dff80000)
  to   space 22528K, 0% used [0x00000000e0d80000,0x00000000e0d80000,0x00000000e2380000)
 ParOldGen       total 120320K, used 98266K [0x0000000080000000, 0x0000000087580000, 0x00000000d5580000)
  object space 120320K, 81% used [0x0000000080000000,0x0000000085ff6978,0x0000000087580000)
 Metaspace       used 96761K, capacity 101670K, committed 102872K, reserved 1138688K
  class space    used 12574K, capacity 13444K, committed 13824K, reserved 1048576K
}
Event: 8504.673 GC heap before
{Heap before GC invocations=68 (full 6):
 PSYoungGen      total 174080K, used 153567K [0x00000000d5580000, 0x00000000e2380000, 0x0000000100000000)
  eden space 151040K, 100% used [0x00000000d5580000,0x00000000de900000,0x00000000de900000)
  from space 23040K, 10% used [0x00000000de900000,0x00000000deb77f20,0x00000000dff80000)
  to   space 22528K, 0% used [0x00000000e0d80000,0x00000000e0d80000,0x00000000e2380000)
 ParOldGen       total 120320K, used 98266K [0x0000000080000000, 0x0000000087580000, 0x00000000d5580000)
  object space 120320K, 81% used [0x0000000080000000,0x0000000085ff6978,0x0000000087580000)
 Metaspace       used 96836K, capacity 101750K, committed 102872K, reserved 1138688K
  class space    used 12579K, capacity 13446K, committed 13824K, reserved 1048576K
Event: 8504.706 GC heap after
Heap after GC invocations=68 (full 6):
 PSYoungGen      total 185344K, used 4095K [0x00000000d5580000, 0x00000000e2100000, 0x0000000100000000)
  eden space 165376K, 0% used [0x00000000d5580000,0x00000000d5580000,0x00000000df700000)
  from space 19968K, 20% used [0x00000000e0d80000,0x00000000e117fc50,0x00000000e2100000)
  to   space 21504K, 0% used [0x00000000df700000,0x00000000df700000,0x00000000e0c00000)
 ParOldGen       total 120320K, used 100287K [0x0000000080000000, 0x0000000087580000, 0x00000000d5580000)
  object space 120320K, 83% used [0x0000000080000000,0x00000000861efcb0,0x0000000087580000)
 Metaspace       used 96836K, capacity 101750K, committed 102872K, reserved 1138688K
  class space    used 12579K, capacity 13446K, committed 13824K, reserved 1048576K
}
Event: 8506.753 GC heap before
{Heap before GC invocations=69 (full 6):
 PSYoungGen      total 185344K, used 169471K [0x00000000d5580000, 0x00000000e2100000, 0x0000000100000000)
  eden space 165376K, 100% used [0x00000000d5580000,0x00000000df700000,0x00000000df700000)
  from space 19968K, 20% used [0x00000000e0d80000,0x00000000e117fc50,0x00000000e2100000)
  to   space 21504K, 0% used [0x00000000df700000,0x00000000df700000,0x00000000e0c00000)
 ParOldGen       total 120320K, used 100287K [0x0000000080000000, 0x0000000087580000, 0x00000000d5580000)
  object space 120320K, 83% used [0x0000000080000000,0x00000000861efcb0,0x0000000087580000)
 Metaspace       used 96908K, capacity 101770K, committed 102872K, reserved 1138688K
  class space    used 12580K, capacity 13448K, committed 13824K, reserved 1048576K
Event: 8506.790 GC heap after
Heap after GC invocations=69 (full 6):
 PSYoungGen      total 186880K, used 6291K [0x00000000d5580000, 0x00000000e2d00000, 0x0000000100000000)
  eden space 165376K, 0% used [0x00000000d5580000,0x00000000d5580000,0x00000000df700000)
  from space 21504K, 29% used [0x00000000df700000,0x00000000dfd24c60,0x00000000e0c00000)
  to   space 20480K, 0% used [0x00000000e1900000,0x00000000e1900000,0x00000000e2d00000)
 ParOldGen       total 120320K, used 100287K [0x0000000080000000, 0x0000000087580000, 0x00000000d5580000)
  object space 120320K, 83% used [0x0000000080000000,0x00000000861efcb0,0x0000000087580000)
 Metaspace       used 96908K, capacity 101770K, committed 102872K, reserved 1138688K
  class space    used 12580K, capacity 13448K, committed 13824K, reserved 1048576K
}
Event: 8508.305 GC heap before
{Heap before GC invocations=70 (full 6):
 PSYoungGen      total 186880K, used 171667K [0x00000000d5580000, 0x00000000e2d00000, 0x0000000100000000)
  eden space 165376K, 100% used [0x00000000d5580000,0x00000000df700000,0x00000000df700000)
  from space 21504K, 29% used [0x00000000df700000,0x00000000dfd24c60,0x00000000e0c00000)
  to   space 20480K, 0% used [0x00000000e1900000,0x00000000e1900000,0x00000000e2d00000)
 ParOldGen       total 120320K, used 100287K [0x0000000080000000, 0x0000000087580000, 0x00000000d5580000)
  object space 120320K, 83% used [0x0000000080000000,0x00000000861efcb0,0x0000000087580000)
 Metaspace       used 96922K, capacity 101844K, committed 102872K, reserved 1138688K
  class space    used 12581K, capacity 13449K, committed 13824K, reserved 1048576K
Event: 8508.370 GC heap after
Heap after GC invocations=70 (full 6):
 PSYoungGen      total 200192K, used 11537K [0x00000000d5580000, 0x00000000e2e00000, 0x0000000100000000)
  eden space 179712K, 0% used [0x00000000d5580000,0x00000000d5580000,0x00000000e0500000)
  from space 20480K, 56% used [0x00000000e1900000,0x00000000e2444650,0x00000000e2d00000)
  to   space 20480K, 0% used [0x00000000e0500000,0x00000000e0500000,0x00000000e1900000)
 ParOldGen       total 120320K, used 100295K [0x0000000080000000, 0x0000000087580000, 0x00000000d5580000)
  object space 120320K, 83% used [0x0000000080000000,0x00000000861f1cb0,0x0000000087580000)
 Metaspace       used 96922K, capacity 101844K, committed 102872K, reserved 1138688K
  class space    used 12581K, capacity 13449K, committed 13824K, reserved 1048576K
}
Event: 8510.079 GC heap before
{Heap before GC invocations=71 (full 6):
 PSYoungGen      total 200192K, used 191249K [0x00000000d5580000, 0x00000000e2e00000, 0x0000000100000000)
  eden space 179712K, 100% used [0x00000000d5580000,0x00000000e0500000,0x00000000e0500000)
  from space 20480K, 56% used [0x00000000e1900000,0x00000000e2444650,0x00000000e2d00000)
  to   space 20480K, 0% used [0x00000000e0500000,0x00000000e0500000,0x00000000e1900000)
 ParOldGen       total 120320K, used 100295K [0x0000000080000000, 0x0000000087580000, 0x00000000d5580000)
  object space 120320K, 83% used [0x0000000080000000,0x00000000861f1cb0,0x0000000087580000)
 Metaspace       used 96961K, capacity 101848K, committed 102872K, reserved 1138688K
  class space    used 12581K, capacity 13449K, committed 13824K, reserved 1048576K
Event: 8510.125 GC heap after
Heap after GC invocations=71 (full 6):
 PSYoungGen      total 200192K, used 13851K [0x00000000d5580000, 0x00000000e2e00000, 0x0000000100000000)
  eden space 179712K, 0% used [0x00000000d5580000,0x00000000d5580000,0x00000000e0500000)
  from space 20480K, 67% used [0x00000000e0500000,0x00000000e1286e80,0x00000000e1900000)
  to   space 20480K, 0% used [0x00000000e1900000,0x00000000e1900000,0x00000000e2d00000)
 ParOldGen       total 120320K, used 100295K [0x0000000080000000, 0x0000000087580000, 0x00000000d5580000)
  object space 120320K, 83% used [0x0000000080000000,0x00000000861f1cb0,0x0000000087580000)
 Metaspace       used 96961K, capacity 101848K, committed 102872K, reserved 1138688K
  class space    used 12581K, capacity 13449K, committed 13824K, reserved 1048576K
}

Deoptimization events (10 events):
Event: 8505.604 Thread 0x000000001d911000 Uncommon trap: reason=unstable_if action=reinterpret pc=0x0000000004a54ee0 method=java.util.concurrent.ConcurrentHashMap.computeIfAbsent(Ljava/lang/Object;Ljava/util/function/Function;)Ljava/lang/Object; @ 281
Event: 8505.884 Thread 0x000000001d911000 Uncommon trap: reason=unstable_if action=reinterpret pc=0x0000000004d29fb8 method=java.util.TimSort.countRunAndMakeAscending([Ljava/lang/Object;IILjava/util/Comparator;)I @ 27
Event: 8507.277 Thread 0x000000001d910000 Uncommon trap: reason=unstable_if action=reinterpret pc=0x0000000005b313d8 method=com.android.tools.r8.ir.regalloc.a.a(Lcom/android/tools/r8/s/b/k0;Lcom/android/tools/r8/ir/regalloc/a$b;)Z @ 75
Event: 8510.431 Thread 0x000000001d911000 Uncommon trap: reason=bimorphic action=maybe_recompile pc=0x00000000050184f8 method=java.util.Collections$UnmodifiableList.get(I)Ljava/lang/Object; @ 5
Event: 8510.431 Thread 0x000000001d911000 Uncommon trap: reason=bimorphic action=maybe_recompile pc=0x00000000050184f8 method=java.util.Collections$UnmodifiableList.get(I)Ljava/lang/Object; @ 5
Event: 8510.431 Thread 0x000000001d911000 Uncommon trap: reason=bimorphic action=maybe_recompile pc=0x00000000050184f8 method=java.util.Collections$UnmodifiableList.get(I)Ljava/lang/Object; @ 5
Event: 8510.431 Thread 0x000000001d911000 Uncommon trap: reason=bimorphic action=maybe_recompile pc=0x00000000050184f8 method=java.util.Collections$UnmodifiableList.get(I)Ljava/lang/Object; @ 5
Event: 8510.431 Thread 0x000000001d911000 Uncommon trap: reason=bimorphic action=maybe_recompile pc=0x0000000005d9fe4c method=java.util.Collections$UnmodifiableList.get(I)Ljava/lang/Object; @ 5
Event: 8510.431 Thread 0x000000001d911000 Uncommon trap: reason=bimorphic action=maybe_recompile pc=0x0000000005d01768 method=java.util.Collections$UnmodifiableList.get(I)Ljava/lang/Object; @ 5
Event: 8510.754 Thread 0x000000001d911000 Uncommon trap: reason=class_check action=maybe_recompile pc=0x000000000573fb54 method=com.android.tools.r8.dex.m.c(I)V @ 108

Classes redefined (0 events):
No events

Internal exceptions (10 events):
Event: 8481.930 Thread 0x000000001d910000 Exception <a 'sun/nio/fs/WindowsException'> (0x00000000da162080) thrown at [C:\src\AOSP-openjdk-git\hotspot\src\share\vm\prims\jni.cpp, line 710]
Event: 8482.670 Thread 0x000000001d90b000 Exception <a 'sun/nio/fs/WindowsException'> (0x00000000db678a98) thrown at [C:\src\AOSP-openjdk-git\hotspot\src\share\vm\prims\jni.cpp, line 710]
Event: 8488.215 Thread 0x000000001d912800 Exception <a 'sun/nio/fs/WindowsException'> (0x00000000db2ab670) thrown at [C:\src\AOSP-openjdk-git\hotspot\src\share\vm\prims\jni.cpp, line 710]
Event: 8492.336 Thread 0x000000001d912800 Exception <a 'sun/nio/fs/WindowsException'> (0x00000000d671f4c8) thrown at [C:\src\AOSP-openjdk-git\hotspot\src\share\vm\prims\jni.cpp, line 710]
Event: 8504.895 Thread 0x000000001d912800 Exception <a 'sun/nio/fs/WindowsException'> (0x00000000d5f69e38) thrown at [C:\src\AOSP-openjdk-git\hotspot\src\share\vm\prims\jni.cpp, line 710]
Event: 8506.818 Thread 0x000000001d912800 Exception <a 'sun/nio/fs/WindowsException'> (0x00000000d59f2100) thrown at [C:\src\AOSP-openjdk-git\hotspot\src\share\vm\prims\jni.cpp, line 710]
Event: 8510.268 Thread 0x000000001d912800 Exception <a 'sun/nio/fs/WindowsException'> (0x00000000d5d1cec8) thrown at [C:\src\AOSP-openjdk-git\hotspot\src\share\vm\prims\jni.cpp, line 710]
Event: 8510.998 Thread 0x000000001d911000 Exception <a 'sun/nio/fs/WindowsException'> (0x00000000d89f2008) thrown at [C:\src\AOSP-openjdk-git\hotspot\src\share\vm\prims\jni.cpp, line 710]
Event: 8511.274 Thread 0x000000001d912800 Exception <a 'sun/nio/fs/WindowsException'> (0x00000000da70dde0) thrown at [C:\src\AOSP-openjdk-git\hotspot\src\share\vm\prims\jni.cpp, line 710]
Event: 8512.921 Thread 0x000000001d911000 Exception <a 'sun/nio/fs/WindowsException'> (0x00000000df9ff130) thrown at [C:\src\AOSP-openjdk-git\hotspot\src\share\vm\prims\jni.cpp, line 710]

Events (10 events):
Event: 8512.829 Thread 0x000000001d912800 DEOPT PACKING pc=0x0000000005b91fd4 sp=0x00000000211a9e80
Event: 8512.829 Thread 0x000000001d912800 DEOPT UNPACKING pc=0x0000000002a371d0 sp=0x00000000211a9fb0 mode 0
Event: 8512.845 Thread 0x000000001d910000 DEOPT PACKING pc=0x000000000531350d sp=0x00000000213aa1c0
Event: 8512.845 Thread 0x000000001d910000 DEOPT UNPACKING pc=0x0000000002a371d0 sp=0x00000000213aa200 mode 0
Event: 8512.872 Thread 0x000000001d90b000 DEOPT PACKING pc=0x00000000052bb97b sp=0x000000001bf39ca0
Event: 8512.872 Thread 0x000000001d90b000 DEOPT UNPACKING pc=0x0000000002a371d0 sp=0x000000001bf39ce8 mode 0
Event: 8512.890 Thread 0x000000001d90b000 DEOPT PACKING pc=0x00000000052bb97b sp=0x000000001bf39ca0
Event: 8512.890 Thread 0x000000001d90b000 DEOPT UNPACKING pc=0x0000000002a371d0 sp=0x000000001bf39ce8 mode 0
Event: 8512.985 Thread 0x000000001d912800 DEOPT PACKING pc=0x00000000058bc760 sp=0x00000000211a9f20
Event: 8512.985 Thread 0x000000001d912800 DEOPT UNPACKING pc=0x0000000002a371d0 sp=0x00000000211a9c48 mode 0


Dynamic libraries:
0x00007ff6ba390000 - 0x00007ff6ba3c1000 	C:\Program Files\Android\Android Studio1\jre\bin\java.exe
0x00007ffb8ae90000 - 0x00007ffb8b03d000 	C:\Windows\SYSTEM32\ntdll.dll
0x00007ffb89f40000 - 0x00007ffb8a07f000 	C:\Windows\system32\KERNEL32.DLL
0x00007ffb72f60000 - 0x00007ffb72f72000 	C:\Program Files\AVAST Software\Avast\aswhook.dll
0x00007ffb883f0000 - 0x00007ffb88505000 	C:\Windows\system32\KERNELBASE.dll
0x00007ffb8aca0000 - 0x00007ffb8ad4a000 	C:\Windows\system32\ADVAPI32.dll
0x00007ffb8a2a0000 - 0x00007ffb8a417000 	C:\Windows\system32\USER32.dll
0x00007ffb85930000 - 0x00007ffb85bab000 	C:\Windows\WinSxS\amd64_microsoft.windows.common-controls_6595b64144ccf1df_6.0.9600.19394_none_62486577ecb635cf\COMCTL32.dll
0x00007ffb8a550000 - 0x00007ffb8a5fa000 	C:\Windows\system32\msvcrt.dll
0x00007ffb8ad50000 - 0x00007ffb8ada8000 	C:\Windows\SYSTEM32\sechost.dll
0x00007ffb89c40000 - 0x00007ffb89d80000 	C:\Windows\system32\RPCRT4.dll
0x00007ffb8a7d0000 - 0x00007ffb8a91d000 	C:\Windows\system32\GDI32.dll
0x00007ffb88080000 - 0x00007ffb880ae000 	C:\Windows\system32\SspiCli.dll
0x00007ffb88510000 - 0x00007ffb88546000 	C:\Windows\system32\IMM32.DLL
0x00007ffb885b0000 - 0x00007ffb88701000 	C:\Windows\system32\MSCTF.dll
0x0000000063400000 - 0x00000000634d2000 	C:\Program Files\Android\Android Studio1\jre\jre\bin\msvcr100.dll
0x0000000062300000 - 0x0000000062b4b000 	C:\Program Files\Android\Android Studio1\jre\jre\bin\server\jvm.dll
0x00007ffb82960000 - 0x00007ffb82969000 	C:\Windows\SYSTEM32\WSOCK32.dll
0x00007ffb7bd40000 - 0x00007ffb7bd62000 	C:\Windows\SYSTEM32\WINMM.dll
0x00007ffb861c0000 - 0x00007ffb861ca000 	C:\Windows\SYSTEM32\VERSION.dll
0x00007ffb8adb0000 - 0x00007ffb8adb7000 	C:\Windows\system32\PSAPI.DLL
0x00007ffb88550000 - 0x00007ffb885aa000 	C:\Windows\system32\WS2_32.dll
0x00007ffb7bd10000 - 0x00007ffb7bd3a000 	C:\Windows\SYSTEM32\WINMMBASE.dll
0x00007ffb8adc0000 - 0x00007ffb8adc9000 	C:\Windows\system32\NSI.dll
0x00007ffb880b0000 - 0x00007ffb880ff000 	C:\Windows\SYSTEM32\cfgmgr32.dll
0x00007ffb86de0000 - 0x00007ffb86e08000 	C:\Windows\SYSTEM32\DEVOBJ.dll
0x00007ffb86b00000 - 0x00007ffb86b0f000 	C:\Program Files\Android\Android Studio1\jre\jre\bin\verify.dll
0x00007ffb5f690000 - 0x00007ffb5f6b9000 	C:\Program Files\Android\Android Studio1\jre\jre\bin\java.dll
0x00007ffb7e5f0000 - 0x00007ffb7e606000 	C:\Program Files\Android\Android Studio1\jre\jre\bin\zip.dll
0x00007ffb88710000 - 0x00007ffb89c3e000 	C:\Windows\system32\SHELL32.dll
0x00007ffb8a080000 - 0x00007ffb8a291000 	C:\Windows\SYSTEM32\combase.dll
0x00007ffb8a430000 - 0x00007ffb8a484000 	C:\Windows\system32\SHLWAPI.dll
0x00007ffb861d0000 - 0x00007ffb86282000 	C:\Windows\SYSTEM32\SHCORE.dll
0x00007ffb87fb0000 - 0x00007ffb87fc5000 	C:\Windows\SYSTEM32\profapi.dll
0x00007ffb5fab0000 - 0x00007ffb5faca000 	C:\Program Files\Android\Android Studio1\jre\jre\bin\net.dll
0x00007ffb877f0000 - 0x00007ffb87849000 	C:\Windows\system32\mswsock.dll
0x00007ffb5f5c0000 - 0x00007ffb5f5d3000 	C:\Program Files\Android\Android Studio1\jre\jre\bin\nio.dll
0x00007ffb828b0000 - 0x00007ffb828d7000 	C:\Users\user\.gradle\native\f6784746aeab05261644944871eae4fe03e0ef1612fff0a4a95f87b438bc6780\windows-amd64\native-platform.dll
0x00007ffb84b40000 - 0x00007ffb84b4d000 	C:\Program Files\Android\Android Studio1\jre\jre\bin\management.dll
0x00007ffb87850000 - 0x00007ffb87870000 	C:\Windows\SYSTEM32\CRYPTSP.dll
0x00007ffb87470000 - 0x00007ffb874a6000 	C:\Windows\system32\rsaenh.dll
0x00007ffb87af0000 - 0x00007ffb87b16000 	C:\Windows\SYSTEM32\bcrypt.dll
0x00007ffb87580000 - 0x00007ffb875a1000 	C:\Windows\SYSTEM32\USERENV.dll
0x00007ffb87e10000 - 0x00007ffb87e73000 	C:\Windows\system32\bcryptprimitives.dll
0x00007ffb87e80000 - 0x00007ffb87e8b000 	C:\Windows\SYSTEM32\CRYPTBASE.dll
0x00007ffb83f50000 - 0x00007ffb83f7a000 	C:\Windows\SYSTEM32\IPHLPAPI.DLL
0x00007ffb83f10000 - 0x00007ffb83f1a000 	C:\Windows\SYSTEM32\WINNSI.DLL
0x00007ffb83120000 - 0x00007ffb83136000 	C:\Windows\SYSTEM32\dhcpcsvc6.DLL
0x00007ffb834f0000 - 0x00007ffb8350a000 	C:\Windows\SYSTEM32\dhcpcsvc.DLL
0x00007ffb5ad60000 - 0x00007ffb5aefc000 	C:\Program Files\Android\Android Studio1\jre\jre\bin\awt.dll
0x00007ffb85c60000 - 0x00007ffb85c81000 	C:\Windows\SYSTEM32\dwmapi.dll
0x00007ffb8abd0000 - 0x00007ffb8ac97000 	C:\Windows\system32\OLEAUT32.dll
0x00007ffb79340000 - 0x00007ffb797c1000 	C:\Windows\SYSTEM32\d2d1.dll
0x00007ffb86b60000 - 0x00007ffb86bee000 	C:\Windows\system32\apphelp.dll
0x00007ffb86890000 - 0x00007ffb869b9000 	C:\Windows\system32\uxtheme.dll

VM Arguments:
jvm_args: -Xmx2048m -Dfile.encoding=UTF-8 -Duser.country=US -Duser.language=en -Duser.variant 
java_command: org.gradle.launcher.daemon.bootstrap.GradleDaemon 6.5
java_class_path (initial): C:\Users\user\.gradle\wrapper\dists\gradle-6.5-bin\6nifqtx7604sqp1q6g8wikw7p\gradle-6.5\lib\gradle-launcher-6.5.jar
Launcher Type: SUN_STANDARD

Environment Variables:
PATH=C:\Program Files (x86)\Java\jdk1.8.0_102\bin;C:\src\flutter\bin;C:\src\flutter\bin;C:\Users\user\AppData\Local\Programs\Microsoft VS Code\bin
USERNAME=user
OS=Windows_NT
PROCESSOR_IDENTIFIER=AMD64 Family 22 Model 48 Stepping 1, AuthenticAMD



---------------  S Y S T E M  ---------------

OS: Windows 8.1 , 64 bit Build 9600 (6.3.9600.19843)

CPU:total 4 (initial active 4) (4 cores per cpu, 1 threads per core) family 22 model 48 stepping 1, cmov, cx8, fxsr, mmx, sse, sse2, sse3, ssse3, sse4.1, sse4.2, popcnt, avx, aes, clmul, mmxext, 3dnowpref, lzcnt, sse4a, tsc, tscinvbit, tscinv, bmi1

Memory: 4k page, physical 3633524k(81920k free), swap 6779252k(7920k free)

vm_info: OpenJDK 64-Bit Server VM (25.242-b01) for windows-amd64 JRE (1.8.0_242-release-1644-b01), built by "builder" with MS VC++ 10.0 (VS2010)

time: Tue Jan 12 22:06:06 2021
timezone: Malay Peninsula Standard Time
elapsed time: 8514 seconds (0d 2h 21m 54s)

